[20-Jun-2023 06:58:31 UTC] PHP Warning:  Undefined variable $code in C:\xamppp\htdocs\college-project\wp-content\themes\woodmart\inc\classes\License.php on line 148
[20-Jun-2023 06:58:31 UTC] PHP Warning:  Undefined variable $data in C:\xamppp\htdocs\college-project\wp-content\themes\woodmart\inc\classes\License.php on line 148
[20-Jun-2023 06:58:31 UTC] PHP Warning:  Trying to access array offset on value of type null in C:\xamppp\htdocs\college-project\wp-content\themes\woodmart\inc\classes\License.php on line 148
[20-Jun-2023 06:58:33 UTC] PHP Warning:  Undefined variable $code in C:\xamppp\htdocs\college-project\wp-content\themes\woodmart\inc\classes\License.php on line 148
[20-Jun-2023 06:58:33 UTC] PHP Warning:  Undefined variable $data in C:\xamppp\htdocs\college-project\wp-content\themes\woodmart\inc\classes\License.php on line 148
[20-Jun-2023 06:58:33 UTC] PHP Warning:  Trying to access array offset on value of type null in C:\xamppp\htdocs\college-project\wp-content\themes\woodmart\inc\classes\License.php on line 148
[20-Jun-2023 06:58:45 UTC] PHP Warning:  Undefined variable $code in C:\xamppp\htdocs\college-project\wp-content\themes\woodmart\inc\classes\License.php on line 148
[20-Jun-2023 06:58:45 UTC] PHP Warning:  Undefined variable $data in C:\xamppp\htdocs\college-project\wp-content\themes\woodmart\inc\classes\License.php on line 148
[20-Jun-2023 06:58:45 UTC] PHP Warning:  Trying to access array offset on value of type null in C:\xamppp\htdocs\college-project\wp-content\themes\woodmart\inc\classes\License.php on line 148
[20-Jun-2023 06:58:49 UTC] PHP Warning:  Undefined variable $code in C:\xamppp\htdocs\college-project\wp-content\themes\woodmart\inc\classes\License.php on line 148
[20-Jun-2023 06:58:49 UTC] PHP Warning:  Undefined variable $data in C:\xamppp\htdocs\college-project\wp-content\themes\woodmart\inc\classes\License.php on line 148
[20-Jun-2023 06:58:49 UTC] PHP Warning:  Trying to access array offset on value of type null in C:\xamppp\htdocs\college-project\wp-content\themes\woodmart\inc\classes\License.php on line 148
[20-Jun-2023 06:58:53 UTC] PHP Warning:  Undefined variable $code in C:\xamppp\htdocs\college-project\wp-content\themes\woodmart\inc\classes\License.php on line 148
[20-Jun-2023 06:58:53 UTC] PHP Warning:  Undefined variable $data in C:\xamppp\htdocs\college-project\wp-content\themes\woodmart\inc\classes\License.php on line 148
[20-Jun-2023 06:58:53 UTC] PHP Warning:  Trying to access array offset on value of type null in C:\xamppp\htdocs\college-project\wp-content\themes\woodmart\inc\classes\License.php on line 148
[20-Jun-2023 07:38:08 UTC] PHP Deprecated:  Function get_page_by_title is <strong>deprecated</strong> since version 6.2.0! Use WP_Query instead. in C:\xamppp\htdocs\college-project\wp-includes\functions.php on line 5413
[20-Jun-2023 07:38:08 UTC] PHP Deprecated:  Function get_page_by_title is <strong>deprecated</strong> since version 6.2.0! Use WP_Query instead. in C:\xamppp\htdocs\college-project\wp-includes\functions.php on line 5413
[20-Jun-2023 07:38:08 UTC] PHP Deprecated:  Function get_page_by_title is <strong>deprecated</strong> since version 6.2.0! Use WP_Query instead. in C:\xamppp\htdocs\college-project\wp-includes\functions.php on line 5413
[20-Jun-2023 07:38:08 UTC] PHP Deprecated:  Function get_page_by_title is <strong>deprecated</strong> since version 6.2.0! Use WP_Query instead. in C:\xamppp\htdocs\college-project\wp-includes\functions.php on line 5413
[20-Jun-2023 07:38:08 UTC] PHP Deprecated:  Function get_page_by_title is <strong>deprecated</strong> since version 6.2.0! Use WP_Query instead. in C:\xamppp\htdocs\college-project\wp-includes\functions.php on line 5413
[20-Jun-2023 07:38:08 UTC] PHP Deprecated:  Function get_page_by_title is <strong>deprecated</strong> since version 6.2.0! Use WP_Query instead. in C:\xamppp\htdocs\college-project\wp-includes\functions.php on line 5413
[20-Jun-2023 07:38:08 UTC] PHP Deprecated:  Function get_page_by_title is <strong>deprecated</strong> since version 6.2.0! Use WP_Query instead. in C:\xamppp\htdocs\college-project\wp-includes\functions.php on line 5413
[20-Jun-2023 07:38:08 UTC] PHP Deprecated:  Function get_page_by_title is <strong>deprecated</strong> since version 6.2.0! Use WP_Query instead. in C:\xamppp\htdocs\college-project\wp-includes\functions.php on line 5413
[20-Jun-2023 07:38:08 UTC] PHP Deprecated:  Function get_page_by_title is <strong>deprecated</strong> since version 6.2.0! Use WP_Query instead. in C:\xamppp\htdocs\college-project\wp-includes\functions.php on line 5413
[20-Jun-2023 07:38:08 UTC] PHP Deprecated:  Function get_page_by_title is <strong>deprecated</strong> since version 6.2.0! Use WP_Query instead. in C:\xamppp\htdocs\college-project\wp-includes\functions.php on line 5413
[20-Jun-2023 07:38:08 UTC] PHP Deprecated:  Function get_page_by_title is <strong>deprecated</strong> since version 6.2.0! Use WP_Query instead. in C:\xamppp\htdocs\college-project\wp-includes\functions.php on line 5413
[20-Jun-2023 07:38:08 UTC] PHP Deprecated:  Function get_page_by_title is <strong>deprecated</strong> since version 6.2.0! Use WP_Query instead. in C:\xamppp\htdocs\college-project\wp-includes\functions.php on line 5413
[20-Jun-2023 07:38:08 UTC] PHP Deprecated:  Function get_page_by_title is <strong>deprecated</strong> since version 6.2.0! Use WP_Query instead. in C:\xamppp\htdocs\college-project\wp-includes\functions.php on line 5413
[20-Jun-2023 07:38:08 UTC] PHP Deprecated:  Function get_page_by_title is <strong>deprecated</strong> since version 6.2.0! Use WP_Query instead. in C:\xamppp\htdocs\college-project\wp-includes\functions.php on line 5413
[20-Jun-2023 07:38:08 UTC] PHP Deprecated:  Function get_page_by_title is <strong>deprecated</strong> since version 6.2.0! Use WP_Query instead. in C:\xamppp\htdocs\college-project\wp-includes\functions.php on line 5413
[20-Jun-2023 07:38:08 UTC] PHP Deprecated:  Function get_page_by_title is <strong>deprecated</strong> since version 6.2.0! Use WP_Query instead. in C:\xamppp\htdocs\college-project\wp-includes\functions.php on line 5413
[20-Jun-2023 07:38:08 UTC] PHP Deprecated:  Function get_page_by_title is <strong>deprecated</strong> since version 6.2.0! Use WP_Query instead. in C:\xamppp\htdocs\college-project\wp-includes\functions.php on line 5413
[20-Jun-2023 07:38:08 UTC] PHP Deprecated:  Function get_page_by_title is <strong>deprecated</strong> since version 6.2.0! Use WP_Query instead. in C:\xamppp\htdocs\college-project\wp-includes\functions.php on line 5413
[20-Jun-2023 07:38:08 UTC] PHP Deprecated:  Function get_page_by_title is <strong>deprecated</strong> since version 6.2.0! Use WP_Query instead. in C:\xamppp\htdocs\college-project\wp-includes\functions.php on line 5413
[20-Jun-2023 07:38:08 UTC] PHP Deprecated:  Function get_page_by_title is <strong>deprecated</strong> since version 6.2.0! Use WP_Query instead. in C:\xamppp\htdocs\college-project\wp-includes\functions.php on line 5413
[20-Jun-2023 07:38:08 UTC] PHP Deprecated:  Function get_page_by_title is <strong>deprecated</strong> since version 6.2.0! Use WP_Query instead. in C:\xamppp\htdocs\college-project\wp-includes\functions.php on line 5413
[20-Jun-2023 07:38:08 UTC] PHP Deprecated:  Function get_page_by_title is <strong>deprecated</strong> since version 6.2.0! Use WP_Query instead. in C:\xamppp\htdocs\college-project\wp-includes\functions.php on line 5413
[20-Jun-2023 07:38:08 UTC] PHP Deprecated:  Function get_page_by_title is <strong>deprecated</strong> since version 6.2.0! Use WP_Query instead. in C:\xamppp\htdocs\college-project\wp-includes\functions.php on line 5413
[20-Jun-2023 07:38:08 UTC] PHP Deprecated:  Function get_page_by_title is <strong>deprecated</strong> since version 6.2.0! Use WP_Query instead. in C:\xamppp\htdocs\college-project\wp-includes\functions.php on line 5413
[20-Jun-2023 07:38:08 UTC] PHP Deprecated:  Function get_page_by_title is <strong>deprecated</strong> since version 6.2.0! Use WP_Query instead. in C:\xamppp\htdocs\college-project\wp-includes\functions.php on line 5413
[20-Jun-2023 07:38:08 UTC] PHP Deprecated:  Function get_page_by_title is <strong>deprecated</strong> since version 6.2.0! Use WP_Query instead. in C:\xamppp\htdocs\college-project\wp-includes\functions.php on line 5413
[20-Jun-2023 07:38:08 UTC] PHP Deprecated:  Function get_page_by_title is <strong>deprecated</strong> since version 6.2.0! Use WP_Query instead. in C:\xamppp\htdocs\college-project\wp-includes\functions.php on line 5413
[20-Jun-2023 07:38:08 UTC] PHP Deprecated:  Function get_page_by_title is <strong>deprecated</strong> since version 6.2.0! Use WP_Query instead. in C:\xamppp\htdocs\college-project\wp-includes\functions.php on line 5413
[20-Jun-2023 07:38:08 UTC] PHP Deprecated:  Function get_page_by_title is <strong>deprecated</strong> since version 6.2.0! Use WP_Query instead. in C:\xamppp\htdocs\college-project\wp-includes\functions.php on line 5413
[20-Jun-2023 07:38:08 UTC] PHP Deprecated:  Function get_page_by_title is <strong>deprecated</strong> since version 6.2.0! Use WP_Query instead. in C:\xamppp\htdocs\college-project\wp-includes\functions.php on line 5413
[20-Jun-2023 07:38:08 UTC] PHP Deprecated:  Function get_page_by_title is <strong>deprecated</strong> since version 6.2.0! Use WP_Query instead. in C:\xamppp\htdocs\college-project\wp-includes\functions.php on line 5413
[20-Jun-2023 07:38:08 UTC] PHP Deprecated:  Function get_page_by_title is <strong>deprecated</strong> since version 6.2.0! Use WP_Query instead. in C:\xamppp\htdocs\college-project\wp-includes\functions.php on line 5413
[20-Jun-2023 07:38:08 UTC] PHP Deprecated:  Function get_page_by_title is <strong>deprecated</strong> since version 6.2.0! Use WP_Query instead. in C:\xamppp\htdocs\college-project\wp-includes\functions.php on line 5413
[20-Jun-2023 07:38:08 UTC] PHP Deprecated:  Function get_page_by_title is <strong>deprecated</strong> since version 6.2.0! Use WP_Query instead. in C:\xamppp\htdocs\college-project\wp-includes\functions.php on line 5413
[20-Jun-2023 07:38:08 UTC] PHP Deprecated:  Function get_page_by_title is <strong>deprecated</strong> since version 6.2.0! Use WP_Query instead. in C:\xamppp\htdocs\college-project\wp-includes\functions.php on line 5413
[20-Jun-2023 07:38:08 UTC] PHP Deprecated:  Function get_page_by_title is <strong>deprecated</strong> since version 6.2.0! Use WP_Query instead. in C:\xamppp\htdocs\college-project\wp-includes\functions.php on line 5413
[20-Jun-2023 07:38:08 UTC] PHP Deprecated:  Function get_page_by_title is <strong>deprecated</strong> since version 6.2.0! Use WP_Query instead. in C:\xamppp\htdocs\college-project\wp-includes\functions.php on line 5413
[20-Jun-2023 07:38:08 UTC] PHP Deprecated:  Function get_page_by_title is <strong>deprecated</strong> since version 6.2.0! Use WP_Query instead. in C:\xamppp\htdocs\college-project\wp-includes\functions.php on line 5413
[20-Jun-2023 07:38:08 UTC] PHP Deprecated:  Function get_page_by_title is <strong>deprecated</strong> since version 6.2.0! Use WP_Query instead. in C:\xamppp\htdocs\college-project\wp-includes\functions.php on line 5413
[20-Jun-2023 07:38:08 UTC] PHP Deprecated:  Function get_page_by_title is <strong>deprecated</strong> since version 6.2.0! Use WP_Query instead. in C:\xamppp\htdocs\college-project\wp-includes\functions.php on line 5413
[20-Jun-2023 07:38:08 UTC] PHP Deprecated:  Function get_page_by_title is <strong>deprecated</strong> since version 6.2.0! Use WP_Query instead. in C:\xamppp\htdocs\college-project\wp-includes\functions.php on line 5413
[20-Jun-2023 07:38:08 UTC] PHP Deprecated:  Function get_page_by_title is <strong>deprecated</strong> since version 6.2.0! Use WP_Query instead. in C:\xamppp\htdocs\college-project\wp-includes\functions.php on line 5413
[20-Jun-2023 07:38:08 UTC] PHP Deprecated:  Function get_page_by_title is <strong>deprecated</strong> since version 6.2.0! Use WP_Query instead. in C:\xamppp\htdocs\college-project\wp-includes\functions.php on line 5413
[20-Jun-2023 07:38:08 UTC] PHP Deprecated:  Function get_page_by_title is <strong>deprecated</strong> since version 6.2.0! Use WP_Query instead. in C:\xamppp\htdocs\college-project\wp-includes\functions.php on line 5413
[20-Jun-2023 07:38:08 UTC] PHP Deprecated:  Function get_page_by_title is <strong>deprecated</strong> since version 6.2.0! Use WP_Query instead. in C:\xamppp\htdocs\college-project\wp-includes\functions.php on line 5413
[20-Jun-2023 07:38:08 UTC] PHP Deprecated:  Function get_page_by_title is <strong>deprecated</strong> since version 6.2.0! Use WP_Query instead. in C:\xamppp\htdocs\college-project\wp-includes\functions.php on line 5413
[20-Jun-2023 07:38:08 UTC] PHP Deprecated:  Function get_page_by_title is <strong>deprecated</strong> since version 6.2.0! Use WP_Query instead. in C:\xamppp\htdocs\college-project\wp-includes\functions.php on line 5413
[20-Jun-2023 07:38:08 UTC] PHP Deprecated:  Function get_page_by_title is <strong>deprecated</strong> since version 6.2.0! Use WP_Query instead. in C:\xamppp\htdocs\college-project\wp-includes\functions.php on line 5413
[20-Jun-2023 07:38:08 UTC] PHP Deprecated:  Function get_page_by_title is <strong>deprecated</strong> since version 6.2.0! Use WP_Query instead. in C:\xamppp\htdocs\college-project\wp-includes\functions.php on line 5413
[20-Jun-2023 07:38:08 UTC] PHP Deprecated:  Function get_page_by_title is <strong>deprecated</strong> since version 6.2.0! Use WP_Query instead. in C:\xamppp\htdocs\college-project\wp-includes\functions.php on line 5413
[20-Jun-2023 07:38:08 UTC] PHP Deprecated:  Function get_page_by_title is <strong>deprecated</strong> since version 6.2.0! Use WP_Query instead. in C:\xamppp\htdocs\college-project\wp-includes\functions.php on line 5413
[20-Jun-2023 07:38:08 UTC] PHP Deprecated:  Function get_page_by_title is <strong>deprecated</strong> since version 6.2.0! Use WP_Query instead. in C:\xamppp\htdocs\college-project\wp-includes\functions.php on line 5413
[20-Jun-2023 07:38:08 UTC] PHP Deprecated:  Function get_page_by_title is <strong>deprecated</strong> since version 6.2.0! Use WP_Query instead. in C:\xamppp\htdocs\college-project\wp-includes\functions.php on line 5413
[20-Jun-2023 07:38:08 UTC] PHP Deprecated:  Function get_page_by_title is <strong>deprecated</strong> since version 6.2.0! Use WP_Query instead. in C:\xamppp\htdocs\college-project\wp-includes\functions.php on line 5413
[20-Jun-2023 07:38:08 UTC] PHP Deprecated:  Function get_page_by_title is <strong>deprecated</strong> since version 6.2.0! Use WP_Query instead. in C:\xamppp\htdocs\college-project\wp-includes\functions.php on line 5413
[20-Jun-2023 07:38:08 UTC] PHP Deprecated:  Function get_page_by_title is <strong>deprecated</strong> since version 6.2.0! Use WP_Query instead. in C:\xamppp\htdocs\college-project\wp-includes\functions.php on line 5413
[20-Jun-2023 07:38:08 UTC] PHP Deprecated:  Function get_page_by_title is <strong>deprecated</strong> since version 6.2.0! Use WP_Query instead. in C:\xamppp\htdocs\college-project\wp-includes\functions.php on line 5413
[20-Jun-2023 07:38:08 UTC] PHP Deprecated:  Function get_page_by_title is <strong>deprecated</strong> since version 6.2.0! Use WP_Query instead. in C:\xamppp\htdocs\college-project\wp-includes\functions.php on line 5413
[20-Jun-2023 07:38:08 UTC] PHP Deprecated:  Function get_page_by_title is <strong>deprecated</strong> since version 6.2.0! Use WP_Query instead. in C:\xamppp\htdocs\college-project\wp-includes\functions.php on line 5413
[20-Jun-2023 07:38:08 UTC] PHP Deprecated:  Function get_page_by_title is <strong>deprecated</strong> since version 6.2.0! Use WP_Query instead. in C:\xamppp\htdocs\college-project\wp-includes\functions.php on line 5413
[20-Jun-2023 07:38:08 UTC] PHP Deprecated:  Function get_page_by_title is <strong>deprecated</strong> since version 6.2.0! Use WP_Query instead. in C:\xamppp\htdocs\college-project\wp-includes\functions.php on line 5413
[20-Jun-2023 07:38:08 UTC] PHP Deprecated:  Function get_page_by_title is <strong>deprecated</strong> since version 6.2.0! Use WP_Query instead. in C:\xamppp\htdocs\college-project\wp-includes\functions.php on line 5413
[20-Jun-2023 07:38:08 UTC] PHP Deprecated:  Function get_page_by_title is <strong>deprecated</strong> since version 6.2.0! Use WP_Query instead. in C:\xamppp\htdocs\college-project\wp-includes\functions.php on line 5413
[20-Jun-2023 07:38:08 UTC] PHP Deprecated:  Function get_page_by_title is <strong>deprecated</strong> since version 6.2.0! Use WP_Query instead. in C:\xamppp\htdocs\college-project\wp-includes\functions.php on line 5413
[20-Jun-2023 07:38:08 UTC] PHP Deprecated:  Function get_page_by_title is <strong>deprecated</strong> since version 6.2.0! Use WP_Query instead. in C:\xamppp\htdocs\college-project\wp-includes\functions.php on line 5413
[20-Jun-2023 07:38:08 UTC] PHP Deprecated:  Function get_page_by_title is <strong>deprecated</strong> since version 6.2.0! Use WP_Query instead. in C:\xamppp\htdocs\college-project\wp-includes\functions.php on line 5413
[20-Jun-2023 07:38:08 UTC] PHP Deprecated:  Function get_page_by_title is <strong>deprecated</strong> since version 6.2.0! Use WP_Query instead. in C:\xamppp\htdocs\college-project\wp-includes\functions.php on line 5413
[20-Jun-2023 07:38:08 UTC] PHP Deprecated:  Function get_page_by_title is <strong>deprecated</strong> since version 6.2.0! Use WP_Query instead. in C:\xamppp\htdocs\college-project\wp-includes\functions.php on line 5413
[20-Jun-2023 07:38:08 UTC] PHP Deprecated:  Function get_page_by_title is <strong>deprecated</strong> since version 6.2.0! Use WP_Query instead. in C:\xamppp\htdocs\college-project\wp-includes\functions.php on line 5413
[20-Jun-2023 07:38:08 UTC] PHP Deprecated:  Function get_page_by_title is <strong>deprecated</strong> since version 6.2.0! Use WP_Query instead. in C:\xamppp\htdocs\college-project\wp-includes\functions.php on line 5413
[20-Jun-2023 07:38:08 UTC] PHP Deprecated:  Function get_page_by_title is <strong>deprecated</strong> since version 6.2.0! Use WP_Query instead. in C:\xamppp\htdocs\college-project\wp-includes\functions.php on line 5413
[20-Jun-2023 07:38:08 UTC] PHP Deprecated:  Function get_page_by_title is <strong>deprecated</strong> since version 6.2.0! Use WP_Query instead. in C:\xamppp\htdocs\college-project\wp-includes\functions.php on line 5413
[20-Jun-2023 07:38:08 UTC] PHP Deprecated:  Function get_page_by_title is <strong>deprecated</strong> since version 6.2.0! Use WP_Query instead. in C:\xamppp\htdocs\college-project\wp-includes\functions.php on line 5413
[20-Jun-2023 07:38:08 UTC] PHP Deprecated:  Function get_page_by_title is <strong>deprecated</strong> since version 6.2.0! Use WP_Query instead. in C:\xamppp\htdocs\college-project\wp-includes\functions.php on line 5413
[20-Jun-2023 07:38:08 UTC] PHP Deprecated:  Function get_page_by_title is <strong>deprecated</strong> since version 6.2.0! Use WP_Query instead. in C:\xamppp\htdocs\college-project\wp-includes\functions.php on line 5413
[20-Jun-2023 07:38:08 UTC] PHP Deprecated:  Function get_page_by_title is <strong>deprecated</strong> since version 6.2.0! Use WP_Query instead. in C:\xamppp\htdocs\college-project\wp-includes\functions.php on line 5413
[20-Jun-2023 07:38:08 UTC] PHP Deprecated:  Function get_page_by_title is <strong>deprecated</strong> since version 6.2.0! Use WP_Query instead. in C:\xamppp\htdocs\college-project\wp-includes\functions.php on line 5413
[20-Jun-2023 07:38:08 UTC] PHP Deprecated:  Function get_page_by_title is <strong>deprecated</strong> since version 6.2.0! Use WP_Query instead. in C:\xamppp\htdocs\college-project\wp-includes\functions.php on line 5413
[20-Jun-2023 07:38:08 UTC] PHP Deprecated:  Function get_page_by_title is <strong>deprecated</strong> since version 6.2.0! Use WP_Query instead. in C:\xamppp\htdocs\college-project\wp-includes\functions.php on line 5413
[20-Jun-2023 07:38:08 UTC] PHP Deprecated:  Function get_page_by_title is <strong>deprecated</strong> since version 6.2.0! Use WP_Query instead. in C:\xamppp\htdocs\college-project\wp-includes\functions.php on line 5413
[20-Jun-2023 07:38:08 UTC] PHP Deprecated:  Function get_page_by_title is <strong>deprecated</strong> since version 6.2.0! Use WP_Query instead. in C:\xamppp\htdocs\college-project\wp-includes\functions.php on line 5413
[20-Jun-2023 07:38:08 UTC] PHP Deprecated:  Function get_page_by_title is <strong>deprecated</strong> since version 6.2.0! Use WP_Query instead. in C:\xamppp\htdocs\college-project\wp-includes\functions.php on line 5413
[20-Jun-2023 07:38:08 UTC] PHP Deprecated:  Function get_page_by_title is <strong>deprecated</strong> since version 6.2.0! Use WP_Query instead. in C:\xamppp\htdocs\college-project\wp-includes\functions.php on line 5413
[20-Jun-2023 07:38:08 UTC] PHP Deprecated:  Function get_page_by_title is <strong>deprecated</strong> since version 6.2.0! Use WP_Query instead. in C:\xamppp\htdocs\college-project\wp-includes\functions.php on line 5413
[20-Jun-2023 07:38:08 UTC] PHP Deprecated:  Function get_page_by_title is <strong>deprecated</strong> since version 6.2.0! Use WP_Query instead. in C:\xamppp\htdocs\college-project\wp-includes\functions.php on line 5413
[20-Jun-2023 07:38:08 UTC] PHP Deprecated:  Function get_page_by_title is <strong>deprecated</strong> since version 6.2.0! Use WP_Query instead. in C:\xamppp\htdocs\college-project\wp-includes\functions.php on line 5413
[20-Jun-2023 07:38:08 UTC] PHP Deprecated:  Function get_page_by_title is <strong>deprecated</strong> since version 6.2.0! Use WP_Query instead. in C:\xamppp\htdocs\college-project\wp-includes\functions.php on line 5413
[20-Jun-2023 07:38:08 UTC] PHP Deprecated:  Function get_page_by_title is <strong>deprecated</strong> since version 6.2.0! Use WP_Query instead. in C:\xamppp\htdocs\college-project\wp-includes\functions.php on line 5413
[20-Jun-2023 07:38:08 UTC] PHP Deprecated:  Function get_page_by_title is <strong>deprecated</strong> since version 6.2.0! Use WP_Query instead. in C:\xamppp\htdocs\college-project\wp-includes\functions.php on line 5413
[20-Jun-2023 07:38:08 UTC] PHP Deprecated:  Function get_page_by_title is <strong>deprecated</strong> since version 6.2.0! Use WP_Query instead. in C:\xamppp\htdocs\college-project\wp-includes\functions.php on line 5413
[20-Jun-2023 07:38:08 UTC] PHP Deprecated:  Function get_page_by_title is <strong>deprecated</strong> since version 6.2.0! Use WP_Query instead. in C:\xamppp\htdocs\college-project\wp-includes\functions.php on line 5413
[20-Jun-2023 07:38:08 UTC] PHP Deprecated:  Function get_page_by_title is <strong>deprecated</strong> since version 6.2.0! Use WP_Query instead. in C:\xamppp\htdocs\college-project\wp-includes\functions.php on line 5413
[20-Jun-2023 07:38:08 UTC] PHP Deprecated:  Function get_page_by_title is <strong>deprecated</strong> since version 6.2.0! Use WP_Query instead. in C:\xamppp\htdocs\college-project\wp-includes\functions.php on line 5413
[20-Jun-2023 07:38:08 UTC] PHP Deprecated:  Function get_page_by_title is <strong>deprecated</strong> since version 6.2.0! Use WP_Query instead. in C:\xamppp\htdocs\college-project\wp-includes\functions.php on line 5413
[20-Jun-2023 07:38:08 UTC] PHP Deprecated:  Function get_page_by_title is <strong>deprecated</strong> since version 6.2.0! Use WP_Query instead. in C:\xamppp\htdocs\college-project\wp-includes\functions.php on line 5413
[20-Jun-2023 07:38:08 UTC] PHP Deprecated:  Function get_page_by_title is <strong>deprecated</strong> since version 6.2.0! Use WP_Query instead. in C:\xamppp\htdocs\college-project\wp-includes\functions.php on line 5413
[20-Jun-2023 07:38:08 UTC] PHP Deprecated:  Function get_page_by_title is <strong>deprecated</strong> since version 6.2.0! Use WP_Query instead. in C:\xamppp\htdocs\college-project\wp-includes\functions.php on line 5413
[20-Jun-2023 07:38:08 UTC] PHP Deprecated:  Function get_page_by_title is <strong>deprecated</strong> since version 6.2.0! Use WP_Query instead. in C:\xamppp\htdocs\college-project\wp-includes\functions.php on line 5413
[20-Jun-2023 07:38:08 UTC] PHP Deprecated:  Function get_page_by_title is <strong>deprecated</strong> since version 6.2.0! Use WP_Query instead. in C:\xamppp\htdocs\college-project\wp-includes\functions.php on line 5413
[20-Jun-2023 07:38:08 UTC] PHP Deprecated:  Function get_page_by_title is <strong>deprecated</strong> since version 6.2.0! Use WP_Query instead. in C:\xamppp\htdocs\college-project\wp-includes\functions.php on line 5413
[20-Jun-2023 07:38:08 UTC] PHP Deprecated:  Function get_page_by_title is <strong>deprecated</strong> since version 6.2.0! Use WP_Query instead. in C:\xamppp\htdocs\college-project\wp-includes\functions.php on line 5413
[20-Jun-2023 07:38:08 UTC] PHP Deprecated:  Function get_page_by_title is <strong>deprecated</strong> since version 6.2.0! Use WP_Query instead. in C:\xamppp\htdocs\college-project\wp-includes\functions.php on line 5413
[20-Jun-2023 07:38:08 UTC] PHP Deprecated:  Function get_page_by_title is <strong>deprecated</strong> since version 6.2.0! Use WP_Query instead. in C:\xamppp\htdocs\college-project\wp-includes\functions.php on line 5413
[20-Jun-2023 07:38:08 UTC] PHP Deprecated:  Function get_page_by_title is <strong>deprecated</strong> since version 6.2.0! Use WP_Query instead. in C:\xamppp\htdocs\college-project\wp-includes\functions.php on line 5413
[20-Jun-2023 07:38:08 UTC] PHP Deprecated:  Function get_page_by_title is <strong>deprecated</strong> since version 6.2.0! Use WP_Query instead. in C:\xamppp\htdocs\college-project\wp-includes\functions.php on line 5413
[20-Jun-2023 07:38:08 UTC] PHP Deprecated:  Function get_page_by_title is <strong>deprecated</strong> since version 6.2.0! Use WP_Query instead. in C:\xamppp\htdocs\college-project\wp-includes\functions.php on line 5413
[20-Jun-2023 07:38:08 UTC] PHP Deprecated:  Function get_page_by_title is <strong>deprecated</strong> since version 6.2.0! Use WP_Query instead. in C:\xamppp\htdocs\college-project\wp-includes\functions.php on line 5413
[20-Jun-2023 07:38:08 UTC] PHP Deprecated:  Function get_page_by_title is <strong>deprecated</strong> since version 6.2.0! Use WP_Query instead. in C:\xamppp\htdocs\college-project\wp-includes\functions.php on line 5413
[20-Jun-2023 07:38:08 UTC] PHP Deprecated:  Function get_page_by_title is <strong>deprecated</strong> since version 6.2.0! Use WP_Query instead. in C:\xamppp\htdocs\college-project\wp-includes\functions.php on line 5413
[20-Jun-2023 07:38:08 UTC] PHP Deprecated:  Function get_page_by_title is <strong>deprecated</strong> since version 6.2.0! Use WP_Query instead. in C:\xamppp\htdocs\college-project\wp-includes\functions.php on line 5413
[20-Jun-2023 07:38:08 UTC] PHP Deprecated:  Function get_page_by_title is <strong>deprecated</strong> since version 6.2.0! Use WP_Query instead. in C:\xamppp\htdocs\college-project\wp-includes\functions.php on line 5413
[20-Jun-2023 07:38:08 UTC] PHP Deprecated:  Function get_page_by_title is <strong>deprecated</strong> since version 6.2.0! Use WP_Query instead. in C:\xamppp\htdocs\college-project\wp-includes\functions.php on line 5413
[20-Jun-2023 07:38:08 UTC] PHP Deprecated:  Function get_page_by_title is <strong>deprecated</strong> since version 6.2.0! Use WP_Query instead. in C:\xamppp\htdocs\college-project\wp-includes\functions.php on line 5413
[20-Jun-2023 07:38:08 UTC] PHP Deprecated:  Function get_page_by_title is <strong>deprecated</strong> since version 6.2.0! Use WP_Query instead. in C:\xamppp\htdocs\college-project\wp-includes\functions.php on line 5413
[20-Jun-2023 07:38:08 UTC] PHP Deprecated:  Function get_page_by_title is <strong>deprecated</strong> since version 6.2.0! Use WP_Query instead. in C:\xamppp\htdocs\college-project\wp-includes\functions.php on line 5413
[20-Jun-2023 07:38:08 UTC] PHP Deprecated:  Function get_page_by_title is <strong>deprecated</strong> since version 6.2.0! Use WP_Query instead. in C:\xamppp\htdocs\college-project\wp-includes\functions.php on line 5413
[20-Jun-2023 07:38:08 UTC] PHP Deprecated:  Function get_page_by_title is <strong>deprecated</strong> since version 6.2.0! Use WP_Query instead. in C:\xamppp\htdocs\college-project\wp-includes\functions.php on line 5413
[20-Jun-2023 07:38:08 UTC] PHP Deprecated:  Function get_page_by_title is <strong>deprecated</strong> since version 6.2.0! Use WP_Query instead. in C:\xamppp\htdocs\college-project\wp-includes\functions.php on line 5413
[20-Jun-2023 07:38:08 UTC] PHP Deprecated:  Function get_page_by_title is <strong>deprecated</strong> since version 6.2.0! Use WP_Query instead. in C:\xamppp\htdocs\college-project\wp-includes\functions.php on line 5413
[20-Jun-2023 07:38:08 UTC] PHP Deprecated:  Function get_page_by_title is <strong>deprecated</strong> since version 6.2.0! Use WP_Query instead. in C:\xamppp\htdocs\college-project\wp-includes\functions.php on line 5413
[20-Jun-2023 07:38:08 UTC] PHP Deprecated:  Function get_page_by_title is <strong>deprecated</strong> since version 6.2.0! Use WP_Query instead. in C:\xamppp\htdocs\college-project\wp-includes\functions.php on line 5413
[20-Jun-2023 07:38:08 UTC] PHP Deprecated:  Function get_page_by_title is <strong>deprecated</strong> since version 6.2.0! Use WP_Query instead. in C:\xamppp\htdocs\college-project\wp-includes\functions.php on line 5413
[20-Jun-2023 07:38:08 UTC] PHP Deprecated:  Function get_page_by_title is <strong>deprecated</strong> since version 6.2.0! Use WP_Query instead. in C:\xamppp\htdocs\college-project\wp-includes\functions.php on line 5413
[20-Jun-2023 07:38:08 UTC] PHP Deprecated:  Function get_page_by_title is <strong>deprecated</strong> since version 6.2.0! Use WP_Query instead. in C:\xamppp\htdocs\college-project\wp-includes\functions.php on line 5413
[20-Jun-2023 07:38:08 UTC] PHP Deprecated:  Function get_page_by_title is <strong>deprecated</strong> since version 6.2.0! Use WP_Query instead. in C:\xamppp\htdocs\college-project\wp-includes\functions.php on line 5413
[20-Jun-2023 07:38:08 UTC] PHP Deprecated:  Function get_page_by_title is <strong>deprecated</strong> since version 6.2.0! Use WP_Query instead. in C:\xamppp\htdocs\college-project\wp-includes\functions.php on line 5413
[20-Jun-2023 07:38:08 UTC] PHP Deprecated:  Function get_page_by_title is <strong>deprecated</strong> since version 6.2.0! Use WP_Query instead. in C:\xamppp\htdocs\college-project\wp-includes\functions.php on line 5413
[20-Jun-2023 07:38:08 UTC] PHP Deprecated:  Function get_page_by_title is <strong>deprecated</strong> since version 6.2.0! Use WP_Query instead. in C:\xamppp\htdocs\college-project\wp-includes\functions.php on line 5413
[20-Jun-2023 07:38:08 UTC] PHP Deprecated:  Function get_page_by_title is <strong>deprecated</strong> since version 6.2.0! Use WP_Query instead. in C:\xamppp\htdocs\college-project\wp-includes\functions.php on line 5413
[20-Jun-2023 07:38:08 UTC] PHP Deprecated:  Function get_page_by_title is <strong>deprecated</strong> since version 6.2.0! Use WP_Query instead. in C:\xamppp\htdocs\college-project\wp-includes\functions.php on line 5413
[20-Jun-2023 07:38:08 UTC] PHP Deprecated:  Function get_page_by_title is <strong>deprecated</strong> since version 6.2.0! Use WP_Query instead. in C:\xamppp\htdocs\college-project\wp-includes\functions.php on line 5413
[20-Jun-2023 07:38:08 UTC] PHP Deprecated:  Function get_page_by_title is <strong>deprecated</strong> since version 6.2.0! Use WP_Query instead. in C:\xamppp\htdocs\college-project\wp-includes\functions.php on line 5413
[20-Jun-2023 07:38:08 UTC] PHP Deprecated:  Function get_page_by_title is <strong>deprecated</strong> since version 6.2.0! Use WP_Query instead. in C:\xamppp\htdocs\college-project\wp-includes\functions.php on line 5413
[20-Jun-2023 07:38:08 UTC] PHP Deprecated:  Function get_page_by_title is <strong>deprecated</strong> since version 6.2.0! Use WP_Query instead. in C:\xamppp\htdocs\college-project\wp-includes\functions.php on line 5413
[20-Jun-2023 07:38:08 UTC] PHP Deprecated:  Function get_page_by_title is <strong>deprecated</strong> since version 6.2.0! Use WP_Query instead. in C:\xamppp\htdocs\college-project\wp-includes\functions.php on line 5413
[20-Jun-2023 07:38:08 UTC] PHP Deprecated:  Function get_page_by_title is <strong>deprecated</strong> since version 6.2.0! Use WP_Query instead. in C:\xamppp\htdocs\college-project\wp-includes\functions.php on line 5413
[20-Jun-2023 07:38:08 UTC] PHP Deprecated:  Function get_page_by_title is <strong>deprecated</strong> since version 6.2.0! Use WP_Query instead. in C:\xamppp\htdocs\college-project\wp-includes\functions.php on line 5413
[20-Jun-2023 07:38:08 UTC] PHP Deprecated:  Function get_page_by_title is <strong>deprecated</strong> since version 6.2.0! Use WP_Query instead. in C:\xamppp\htdocs\college-project\wp-includes\functions.php on line 5413
[20-Jun-2023 07:38:08 UTC] PHP Deprecated:  Function get_page_by_title is <strong>deprecated</strong> since version 6.2.0! Use WP_Query instead. in C:\xamppp\htdocs\college-project\wp-includes\functions.php on line 5413
[20-Jun-2023 07:38:08 UTC] PHP Deprecated:  Function get_page_by_title is <strong>deprecated</strong> since version 6.2.0! Use WP_Query instead. in C:\xamppp\htdocs\college-project\wp-includes\functions.php on line 5413
[20-Jun-2023 07:38:08 UTC] PHP Deprecated:  Function get_page_by_title is <strong>deprecated</strong> since version 6.2.0! Use WP_Query instead. in C:\xamppp\htdocs\college-project\wp-includes\functions.php on line 5413
[20-Jun-2023 07:38:08 UTC] PHP Deprecated:  Function get_page_by_title is <strong>deprecated</strong> since version 6.2.0! Use WP_Query instead. in C:\xamppp\htdocs\college-project\wp-includes\functions.php on line 5413
[20-Jun-2023 07:38:08 UTC] PHP Deprecated:  Function get_page_by_title is <strong>deprecated</strong> since version 6.2.0! Use WP_Query instead. in C:\xamppp\htdocs\college-project\wp-includes\functions.php on line 5413
[20-Jun-2023 07:38:08 UTC] PHP Deprecated:  Function get_page_by_title is <strong>deprecated</strong> since version 6.2.0! Use WP_Query instead. in C:\xamppp\htdocs\college-project\wp-includes\functions.php on line 5413
[20-Jun-2023 07:38:08 UTC] PHP Deprecated:  Function get_page_by_title is <strong>deprecated</strong> since version 6.2.0! Use WP_Query instead. in C:\xamppp\htdocs\college-project\wp-includes\functions.php on line 5413
[20-Jun-2023 07:38:08 UTC] PHP Deprecated:  Function get_page_by_title is <strong>deprecated</strong> since version 6.2.0! Use WP_Query instead. in C:\xamppp\htdocs\college-project\wp-includes\functions.php on line 5413
[20-Jun-2023 07:38:08 UTC] PHP Deprecated:  Function get_page_by_title is <strong>deprecated</strong> since version 6.2.0! Use WP_Query instead. in C:\xamppp\htdocs\college-project\wp-includes\functions.php on line 5413
[20-Jun-2023 07:38:08 UTC] PHP Deprecated:  Function get_page_by_title is <strong>deprecated</strong> since version 6.2.0! Use WP_Query instead. in C:\xamppp\htdocs\college-project\wp-includes\functions.php on line 5413
[20-Jun-2023 07:38:08 UTC] PHP Deprecated:  Function get_page_by_title is <strong>deprecated</strong> since version 6.2.0! Use WP_Query instead. in C:\xamppp\htdocs\college-project\wp-includes\functions.php on line 5413
[20-Jun-2023 07:38:08 UTC] PHP Deprecated:  Function get_page_by_title is <strong>deprecated</strong> since version 6.2.0! Use WP_Query instead. in C:\xamppp\htdocs\college-project\wp-includes\functions.php on line 5413
[20-Jun-2023 07:38:08 UTC] PHP Deprecated:  Function get_page_by_title is <strong>deprecated</strong> since version 6.2.0! Use WP_Query instead. in C:\xamppp\htdocs\college-project\wp-includes\functions.php on line 5413
[20-Jun-2023 07:38:08 UTC] PHP Deprecated:  Function get_page_by_title is <strong>deprecated</strong> since version 6.2.0! Use WP_Query instead. in C:\xamppp\htdocs\college-project\wp-includes\functions.php on line 5413
[20-Jun-2023 07:38:08 UTC] PHP Deprecated:  Function get_page_by_title is <strong>deprecated</strong> since version 6.2.0! Use WP_Query instead. in C:\xamppp\htdocs\college-project\wp-includes\functions.php on line 5413
[20-Jun-2023 07:38:08 UTC] PHP Deprecated:  Function get_page_by_title is <strong>deprecated</strong> since version 6.2.0! Use WP_Query instead. in C:\xamppp\htdocs\college-project\wp-includes\functions.php on line 5413
[20-Jun-2023 07:38:08 UTC] PHP Deprecated:  Function get_page_by_title is <strong>deprecated</strong> since version 6.2.0! Use WP_Query instead. in C:\xamppp\htdocs\college-project\wp-includes\functions.php on line 5413
[20-Jun-2023 07:38:08 UTC] PHP Deprecated:  Function get_page_by_title is <strong>deprecated</strong> since version 6.2.0! Use WP_Query instead. in C:\xamppp\htdocs\college-project\wp-includes\functions.php on line 5413
[20-Jun-2023 07:38:08 UTC] PHP Deprecated:  Function get_page_by_title is <strong>deprecated</strong> since version 6.2.0! Use WP_Query instead. in C:\xamppp\htdocs\college-project\wp-includes\functions.php on line 5413
[20-Jun-2023 07:38:08 UTC] PHP Deprecated:  Function get_page_by_title is <strong>deprecated</strong> since version 6.2.0! Use WP_Query instead. in C:\xamppp\htdocs\college-project\wp-includes\functions.php on line 5413
[20-Jun-2023 07:38:08 UTC] PHP Deprecated:  Function get_page_by_title is <strong>deprecated</strong> since version 6.2.0! Use WP_Query instead. in C:\xamppp\htdocs\college-project\wp-includes\functions.php on line 5413
[20-Jun-2023 07:38:08 UTC] PHP Deprecated:  Function get_page_by_title is <strong>deprecated</strong> since version 6.2.0! Use WP_Query instead. in C:\xamppp\htdocs\college-project\wp-includes\functions.php on line 5413
[20-Jun-2023 07:38:08 UTC] PHP Deprecated:  Function get_page_by_title is <strong>deprecated</strong> since version 6.2.0! Use WP_Query instead. in C:\xamppp\htdocs\college-project\wp-includes\functions.php on line 5413
[20-Jun-2023 07:38:08 UTC] PHP Deprecated:  Function get_page_by_title is <strong>deprecated</strong> since version 6.2.0! Use WP_Query instead. in C:\xamppp\htdocs\college-project\wp-includes\functions.php on line 5413
[20-Jun-2023 07:38:08 UTC] PHP Deprecated:  Function get_page_by_title is <strong>deprecated</strong> since version 6.2.0! Use WP_Query instead. in C:\xamppp\htdocs\college-project\wp-includes\functions.php on line 5413
[20-Jun-2023 07:38:08 UTC] PHP Deprecated:  Function get_page_by_title is <strong>deprecated</strong> since version 6.2.0! Use WP_Query instead. in C:\xamppp\htdocs\college-project\wp-includes\functions.php on line 5413
[20-Jun-2023 07:38:08 UTC] PHP Deprecated:  Function get_page_by_title is <strong>deprecated</strong> since version 6.2.0! Use WP_Query instead. in C:\xamppp\htdocs\college-project\wp-includes\functions.php on line 5413
[20-Jun-2023 07:38:08 UTC] PHP Deprecated:  Function get_page_by_title is <strong>deprecated</strong> since version 6.2.0! Use WP_Query instead. in C:\xamppp\htdocs\college-project\wp-includes\functions.php on line 5413
[20-Jun-2023 07:38:08 UTC] PHP Deprecated:  Function get_page_by_title is <strong>deprecated</strong> since version 6.2.0! Use WP_Query instead. in C:\xamppp\htdocs\college-project\wp-includes\functions.php on line 5413
[20-Jun-2023 07:38:08 UTC] PHP Deprecated:  Function get_page_by_title is <strong>deprecated</strong> since version 6.2.0! Use WP_Query instead. in C:\xamppp\htdocs\college-project\wp-includes\functions.php on line 5413
[20-Jun-2023 07:38:08 UTC] PHP Deprecated:  Function get_page_by_title is <strong>deprecated</strong> since version 6.2.0! Use WP_Query instead. in C:\xamppp\htdocs\college-project\wp-includes\functions.php on line 5413
[20-Jun-2023 07:38:08 UTC] PHP Deprecated:  Function get_page_by_title is <strong>deprecated</strong> since version 6.2.0! Use WP_Query instead. in C:\xamppp\htdocs\college-project\wp-includes\functions.php on line 5413
[20-Jun-2023 07:38:08 UTC] PHP Deprecated:  Function get_page_by_title is <strong>deprecated</strong> since version 6.2.0! Use WP_Query instead. in C:\xamppp\htdocs\college-project\wp-includes\functions.php on line 5413
[20-Jun-2023 07:38:08 UTC] PHP Deprecated:  Function get_page_by_title is <strong>deprecated</strong> since version 6.2.0! Use WP_Query instead. in C:\xamppp\htdocs\college-project\wp-includes\functions.php on line 5413
[20-Jun-2023 07:38:08 UTC] PHP Deprecated:  Function get_page_by_title is <strong>deprecated</strong> since version 6.2.0! Use WP_Query instead. in C:\xamppp\htdocs\college-project\wp-includes\functions.php on line 5413
[20-Jun-2023 07:38:08 UTC] PHP Deprecated:  Function get_page_by_title is <strong>deprecated</strong> since version 6.2.0! Use WP_Query instead. in C:\xamppp\htdocs\college-project\wp-includes\functions.php on line 5413
[20-Jun-2023 07:38:08 UTC] PHP Deprecated:  Function get_page_by_title is <strong>deprecated</strong> since version 6.2.0! Use WP_Query instead. in C:\xamppp\htdocs\college-project\wp-includes\functions.php on line 5413
[20-Jun-2023 07:38:08 UTC] PHP Deprecated:  Function get_page_by_title is <strong>deprecated</strong> since version 6.2.0! Use WP_Query instead. in C:\xamppp\htdocs\college-project\wp-includes\functions.php on line 5413
[20-Jun-2023 07:38:08 UTC] PHP Deprecated:  Function get_page_by_title is <strong>deprecated</strong> since version 6.2.0! Use WP_Query instead. in C:\xamppp\htdocs\college-project\wp-includes\functions.php on line 5413
[20-Jun-2023 07:38:08 UTC] PHP Deprecated:  Function get_page_by_title is <strong>deprecated</strong> since version 6.2.0! Use WP_Query instead. in C:\xamppp\htdocs\college-project\wp-includes\functions.php on line 5413
[20-Jun-2023 07:38:08 UTC] PHP Deprecated:  Function get_page_by_title is <strong>deprecated</strong> since version 6.2.0! Use WP_Query instead. in C:\xamppp\htdocs\college-project\wp-includes\functions.php on line 5413
[20-Jun-2023 07:38:08 UTC] PHP Deprecated:  Function get_page_by_title is <strong>deprecated</strong> since version 6.2.0! Use WP_Query instead. in C:\xamppp\htdocs\college-project\wp-includes\functions.php on line 5413
[20-Jun-2023 07:38:08 UTC] PHP Deprecated:  Function get_page_by_title is <strong>deprecated</strong> since version 6.2.0! Use WP_Query instead. in C:\xamppp\htdocs\college-project\wp-includes\functions.php on line 5413
[20-Jun-2023 07:38:08 UTC] PHP Deprecated:  Function get_page_by_title is <strong>deprecated</strong> since version 6.2.0! Use WP_Query instead. in C:\xamppp\htdocs\college-project\wp-includes\functions.php on line 5413
[20-Jun-2023 07:38:08 UTC] PHP Deprecated:  Function get_page_by_title is <strong>deprecated</strong> since version 6.2.0! Use WP_Query instead. in C:\xamppp\htdocs\college-project\wp-includes\functions.php on line 5413
[20-Jun-2023 07:38:08 UTC] PHP Deprecated:  Function get_page_by_title is <strong>deprecated</strong> since version 6.2.0! Use WP_Query instead. in C:\xamppp\htdocs\college-project\wp-includes\functions.php on line 5413
[20-Jun-2023 07:38:08 UTC] PHP Deprecated:  Function get_page_by_title is <strong>deprecated</strong> since version 6.2.0! Use WP_Query instead. in C:\xamppp\htdocs\college-project\wp-includes\functions.php on line 5413
[20-Jun-2023 07:38:08 UTC] PHP Deprecated:  Function get_page_by_title is <strong>deprecated</strong> since version 6.2.0! Use WP_Query instead. in C:\xamppp\htdocs\college-project\wp-includes\functions.php on line 5413
[20-Jun-2023 07:38:08 UTC] PHP Deprecated:  Function get_page_by_title is <strong>deprecated</strong> since version 6.2.0! Use WP_Query instead. in C:\xamppp\htdocs\college-project\wp-includes\functions.php on line 5413
[20-Jun-2023 07:38:08 UTC] PHP Deprecated:  Function get_page_by_title is <strong>deprecated</strong> since version 6.2.0! Use WP_Query instead. in C:\xamppp\htdocs\college-project\wp-includes\functions.php on line 5413
[20-Jun-2023 07:38:08 UTC] PHP Deprecated:  Function get_page_by_title is <strong>deprecated</strong> since version 6.2.0! Use WP_Query instead. in C:\xamppp\htdocs\college-project\wp-includes\functions.php on line 5413
[20-Jun-2023 07:38:08 UTC] PHP Deprecated:  Function get_page_by_title is <strong>deprecated</strong> since version 6.2.0! Use WP_Query instead. in C:\xamppp\htdocs\college-project\wp-includes\functions.php on line 5413
[20-Jun-2023 07:38:08 UTC] PHP Deprecated:  Function get_page_by_title is <strong>deprecated</strong> since version 6.2.0! Use WP_Query instead. in C:\xamppp\htdocs\college-project\wp-includes\functions.php on line 5413
[20-Jun-2023 07:38:08 UTC] PHP Deprecated:  Function get_page_by_title is <strong>deprecated</strong> since version 6.2.0! Use WP_Query instead. in C:\xamppp\htdocs\college-project\wp-includes\functions.php on line 5413
[20-Jun-2023 07:38:08 UTC] PHP Deprecated:  Function get_page_by_title is <strong>deprecated</strong> since version 6.2.0! Use WP_Query instead. in C:\xamppp\htdocs\college-project\wp-includes\functions.php on line 5413
[20-Jun-2023 07:38:08 UTC] PHP Deprecated:  Function get_page_by_title is <strong>deprecated</strong> since version 6.2.0! Use WP_Query instead. in C:\xamppp\htdocs\college-project\wp-includes\functions.php on line 5413
[20-Jun-2023 07:38:08 UTC] PHP Deprecated:  Function get_page_by_title is <strong>deprecated</strong> since version 6.2.0! Use WP_Query instead. in C:\xamppp\htdocs\college-project\wp-includes\functions.php on line 5413
[20-Jun-2023 07:38:08 UTC] PHP Deprecated:  Function get_page_by_title is <strong>deprecated</strong> since version 6.2.0! Use WP_Query instead. in C:\xamppp\htdocs\college-project\wp-includes\functions.php on line 5413
[20-Jun-2023 07:38:08 UTC] PHP Deprecated:  Function get_page_by_title is <strong>deprecated</strong> since version 6.2.0! Use WP_Query instead. in C:\xamppp\htdocs\college-project\wp-includes\functions.php on line 5413
[20-Jun-2023 07:38:08 UTC] PHP Deprecated:  Function get_page_by_title is <strong>deprecated</strong> since version 6.2.0! Use WP_Query instead. in C:\xamppp\htdocs\college-project\wp-includes\functions.php on line 5413
[20-Jun-2023 07:38:08 UTC] PHP Deprecated:  Function get_page_by_title is <strong>deprecated</strong> since version 6.2.0! Use WP_Query instead. in C:\xamppp\htdocs\college-project\wp-includes\functions.php on line 5413
[20-Jun-2023 07:38:08 UTC] PHP Deprecated:  Function get_page_by_title is <strong>deprecated</strong> since version 6.2.0! Use WP_Query instead. in C:\xamppp\htdocs\college-project\wp-includes\functions.php on line 5413
[20-Jun-2023 07:38:08 UTC] PHP Deprecated:  Function get_page_by_title is <strong>deprecated</strong> since version 6.2.0! Use WP_Query instead. in C:\xamppp\htdocs\college-project\wp-includes\functions.php on line 5413
[20-Jun-2023 07:38:08 UTC] PHP Deprecated:  Function get_page_by_title is <strong>deprecated</strong> since version 6.2.0! Use WP_Query instead. in C:\xamppp\htdocs\college-project\wp-includes\functions.php on line 5413
[20-Jun-2023 07:38:08 UTC] PHP Deprecated:  Function get_page_by_title is <strong>deprecated</strong> since version 6.2.0! Use WP_Query instead. in C:\xamppp\htdocs\college-project\wp-includes\functions.php on line 5413
[20-Jun-2023 07:38:08 UTC] PHP Deprecated:  Function get_page_by_title is <strong>deprecated</strong> since version 6.2.0! Use WP_Query instead. in C:\xamppp\htdocs\college-project\wp-includes\functions.php on line 5413
[20-Jun-2023 07:38:08 UTC] PHP Deprecated:  Function get_page_by_title is <strong>deprecated</strong> since version 6.2.0! Use WP_Query instead. in C:\xamppp\htdocs\college-project\wp-includes\functions.php on line 5413
[20-Jun-2023 07:38:08 UTC] PHP Deprecated:  Function get_page_by_title is <strong>deprecated</strong> since version 6.2.0! Use WP_Query instead. in C:\xamppp\htdocs\college-project\wp-includes\functions.php on line 5413
[20-Jun-2023 07:38:08 UTC] PHP Deprecated:  Function get_page_by_title is <strong>deprecated</strong> since version 6.2.0! Use WP_Query instead. in C:\xamppp\htdocs\college-project\wp-includes\functions.php on line 5413
[20-Jun-2023 07:38:11 UTC] PHP Deprecated:  Function libxml_disable_entity_loader() is deprecated in C:\xamppp\htdocs\college-project\wp-content\plugins\woodmart-core\importer\parsers\class-wxr-parser-simplexml.php on line 21
[20-Jun-2023 07:38:11 UTC] PHP Deprecated:  Function libxml_disable_entity_loader() is deprecated in C:\xamppp\htdocs\college-project\wp-content\plugins\woodmart-core\importer\parsers\class-wxr-parser-simplexml.php on line 25
[20-Jun-2023 07:38:21 UTC] PHP Deprecated:  Function get_page_by_title is <strong>deprecated</strong> since version 6.2.0! Use WP_Query instead. in C:\xamppp\htdocs\college-project\wp-includes\functions.php on line 5413
[20-Jun-2023 07:38:22 UTC] PHP Deprecated:  Function libxml_disable_entity_loader() is deprecated in C:\xamppp\htdocs\college-project\wp-content\plugins\woodmart-core\importer\parsers\class-wxr-parser-simplexml.php on line 21
[20-Jun-2023 07:38:22 UTC] PHP Deprecated:  Function libxml_disable_entity_loader() is deprecated in C:\xamppp\htdocs\college-project\wp-content\plugins\woodmart-core\importer\parsers\class-wxr-parser-simplexml.php on line 25
[20-Jun-2023 07:40:17 UTC] PHP Deprecated:  Function get_page_by_title is <strong>deprecated</strong> since version 6.2.0! Use WP_Query instead. in C:\xamppp\htdocs\college-project\wp-includes\functions.php on line 5413
[20-Jun-2023 07:40:18 UTC] PHP Deprecated:  Function libxml_disable_entity_loader() is deprecated in C:\xamppp\htdocs\college-project\wp-content\plugins\woodmart-core\importer\parsers\class-wxr-parser-simplexml.php on line 21
[20-Jun-2023 07:40:18 UTC] PHP Deprecated:  Function libxml_disable_entity_loader() is deprecated in C:\xamppp\htdocs\college-project\wp-content\plugins\woodmart-core\importer\parsers\class-wxr-parser-simplexml.php on line 25
[20-Jun-2023 07:41:09 UTC] PHP Deprecated:  Function get_page_by_title is <strong>deprecated</strong> since version 6.2.0! Use WP_Query instead. in C:\xamppp\htdocs\college-project\wp-includes\functions.php on line 5413
[20-Jun-2023 07:41:10 UTC] PHP Deprecated:  Function libxml_disable_entity_loader() is deprecated in C:\xamppp\htdocs\college-project\wp-content\plugins\woodmart-core\importer\parsers\class-wxr-parser-simplexml.php on line 21
[20-Jun-2023 07:41:10 UTC] PHP Deprecated:  Function libxml_disable_entity_loader() is deprecated in C:\xamppp\htdocs\college-project\wp-content\plugins\woodmart-core\importer\parsers\class-wxr-parser-simplexml.php on line 25
[20-Jun-2023 07:41:26 UTC] PHP Deprecated:  Function get_page_by_title is <strong>deprecated</strong> since version 6.2.0! Use WP_Query instead. in C:\xamppp\htdocs\college-project\wp-includes\functions.php on line 5413
[20-Jun-2023 07:41:27 UTC] PHP Deprecated:  Function libxml_disable_entity_loader() is deprecated in C:\xamppp\htdocs\college-project\wp-content\plugins\woodmart-core\importer\parsers\class-wxr-parser-simplexml.php on line 21
[20-Jun-2023 07:41:27 UTC] PHP Deprecated:  Function libxml_disable_entity_loader() is deprecated in C:\xamppp\htdocs\college-project\wp-content\plugins\woodmart-core\importer\parsers\class-wxr-parser-simplexml.php on line 25
[20-Jun-2023 07:42:34 UTC] PHP Deprecated:  Function get_page_by_title is <strong>deprecated</strong> since version 6.2.0! Use WP_Query instead. in C:\xamppp\htdocs\college-project\wp-includes\functions.php on line 5413
[20-Jun-2023 07:42:35 UTC] PHP Deprecated:  Function get_page_by_title is <strong>deprecated</strong> since version 6.2.0! Use WP_Query instead. in C:\xamppp\htdocs\college-project\wp-includes\functions.php on line 5413
[20-Jun-2023 07:42:35 UTC] PHP Deprecated:  Function get_page_by_title is <strong>deprecated</strong> since version 6.2.0! Use WP_Query instead. in C:\xamppp\htdocs\college-project\wp-includes\functions.php on line 5413
[20-Jun-2023 07:42:37 UTC] PHP Deprecated:  Function libxml_disable_entity_loader() is deprecated in C:\xamppp\htdocs\college-project\wp-content\plugins\woodmart-core\importer\parsers\class-wxr-parser-simplexml.php on line 21
[20-Jun-2023 07:42:37 UTC] PHP Deprecated:  Function libxml_disable_entity_loader() is deprecated in C:\xamppp\htdocs\college-project\wp-content\plugins\woodmart-core\importer\parsers\class-wxr-parser-simplexml.php on line 25
[20-Jun-2023 07:42:39 UTC] PHP Fatal error:  Maximum execution time of 60 seconds exceeded in C:\xamppp\htdocs\college-project\wp-includes\Requests\src\Transport\Curl.php on line 510
[20-Jun-2023 07:43:19 UTC] PHP Deprecated:  Function get_page_by_title is <strong>deprecated</strong> since version 6.2.0! Use WP_Query instead. in C:\xamppp\htdocs\college-project\wp-includes\functions.php on line 5413
[20-Jun-2023 07:43:27 UTC] PHP Deprecated:  Function get_page_by_title is <strong>deprecated</strong> since version 6.2.0! Use WP_Query instead. in C:\xamppp\htdocs\college-project\wp-includes\functions.php on line 5413
[20-Jun-2023 07:43:27 UTC] PHP Deprecated:  Function get_page_by_title is <strong>deprecated</strong> since version 6.2.0! Use WP_Query instead. in C:\xamppp\htdocs\college-project\wp-includes\functions.php on line 5413
[20-Jun-2023 07:43:27 UTC] PHP Deprecated:  Function get_page_by_title is <strong>deprecated</strong> since version 6.2.0! Use WP_Query instead. in C:\xamppp\htdocs\college-project\wp-includes\functions.php on line 5413
[20-Jun-2023 07:43:27 UTC] PHP Deprecated:  Function get_page_by_title is <strong>deprecated</strong> since version 6.2.0! Use WP_Query instead. in C:\xamppp\htdocs\college-project\wp-includes\functions.php on line 5413
[20-Jun-2023 07:43:27 UTC] PHP Deprecated:  Function get_page_by_title is <strong>deprecated</strong> since version 6.2.0! Use WP_Query instead. in C:\xamppp\htdocs\college-project\wp-includes\functions.php on line 5413
[20-Jun-2023 07:43:27 UTC] PHP Deprecated:  Function get_page_by_title is <strong>deprecated</strong> since version 6.2.0! Use WP_Query instead. in C:\xamppp\htdocs\college-project\wp-includes\functions.php on line 5413
[20-Jun-2023 07:43:27 UTC] PHP Deprecated:  Function get_page_by_title is <strong>deprecated</strong> since version 6.2.0! Use WP_Query instead. in C:\xamppp\htdocs\college-project\wp-includes\functions.php on line 5413
[20-Jun-2023 07:43:27 UTC] PHP Deprecated:  Function get_page_by_title is <strong>deprecated</strong> since version 6.2.0! Use WP_Query instead. in C:\xamppp\htdocs\college-project\wp-includes\functions.php on line 5413
[20-Jun-2023 07:43:27 UTC] PHP Deprecated:  Function get_page_by_title is <strong>deprecated</strong> since version 6.2.0! Use WP_Query instead. in C:\xamppp\htdocs\college-project\wp-includes\functions.php on line 5413
[20-Jun-2023 07:43:28 UTC] PHP Deprecated:  Function get_page_by_title is <strong>deprecated</strong> since version 6.2.0! Use WP_Query instead. in C:\xamppp\htdocs\college-project\wp-includes\functions.php on line 5413
