2023-06-19T06:02:07+00:00 CRITICAL Maximum execution time of 120 seconds exceeded in C:\xamppp\htdocs\college-project\wp-includes\Requests\src\Transport\Curl.php on line 510

2023-06-19T06:02:19+00:00 CRITICAL Maximum execution time of 60 seconds exceeded in C:\xamppp\htdocs\college-project\wp-includes\Requests\src\Transport\Curl.php on line 205

2023-06-19T06:03:50+00:00 CRITICAL Maximum execution time of 120 seconds exceeded in C:\xamppp\htdocs\college-project\wp-includes\Requests\src\Transport\Curl.php on line 205

2023-06-19T06:05:49+00:00 CRITICAL Uncaught Error: Call to undefined function Elementor\electro_is_wide_enabled() in C:\xamppp\htdocs\college-project\wp-content\plugins\electro-extensions\modules\elementor\widgets\products-carousel.php:189
Stack trace:
#0 C:\xamppp\htdocs\college-project\wp-content\plugins\elementor\includes\base\controls-stack.php(2329): Elementor\Electro_Elementor_products_carousel->register_controls()
#1 C:\xamppp\htdocs\college-project\wp-content\plugins\elementor\includes\base\controls-stack.php(496): Elementor\Controls_Stack->init_controls()
#2 C:\xamppp\htdocs\college-project\wp-content\plugins\elementor\includes\base\widget-base.php(177): Elementor\Controls_Stack->get_stack()
#3 C:\xamppp\htdocs\college-project\wp-content\plugins\elementor\includes\base\controls-stack.php(300): Elementor\Widget_Base->get_stack()
#4 C:\xamppp\htdocs\college-project\wp-content\plugins\elementor\core\files\css\global-css.php(120): Elementor\Controls_Stack->get_controls()
#5 C:\xamppp\htdocs\college-project\wp-content\plugins\elementor\core\files\css\global-css.php(66): Elementor\Core\Files\CSS\Global_CSS->render_schemes_and_globals_css()
#6 C:\xamppp\htdocs\college-project\wp-content\plugins\elementor\core\files\css\base.php(659): Elementor\Core\Files\CSS\Global_CSS->render_css()
#7 C:\xamppp\htdocs\college-project\wp-content\plugins\elementor\core\files\base.php(180): Elementor\Core\Files\CSS\Base->parse_content()
#8 C:\xamppp\htdocs\college-project\wp-content\plugins\elementor\core\files\css\base.php(130): Elementor\Core\Files\Base->update_file()
#9 C:\xamppp\htdocs\college-project\wp-content\plugins\elementor\core\files\css\base.php(217): Elementor\Core\Files\CSS\Base->update()
#10 C:\xamppp\htdocs\college-project\wp-content\plugins\elementor\includes\frontend.php(1048): Elementor\Core\Files\CSS\Base->enqueue()
#11 C:\xamppp\htdocs\college-project\wp-content\plugins\elementor\includes\frontend.php(670): Elementor\Frontend->parse_global_css_code()
#12 C:\xamppp\htdocs\college-project\wp-content\themes\woodmart\inc\enqueue.php(593): Elementor\Frontend->enqueue_styles()
#13 C:\xamppp\htdocs\college-project\wp-includes\class-wp-hook.php(308): woodmart_enqueue_base_styles('')
#14 C:\xamppp\htdocs\college-project\wp-includes\class-wp-hook.php(332): WP_Hook->apply_filters(NULL, Array)
#15 C:\xamppp\htdocs\college-project\wp-includes\plugin.php(517): WP_Hook->do_action(Array)
#16 C:\xamppp\htdocs\college-project\wp-includes\script-loader.php(2194): do_action('wp_enqueue_scri...')
#17 C:\xamppp\htdocs\college-project\wp-includes\class-wp-hook.php(308): wp_enqueue_scripts('')
#18 C:\xamppp\htdocs\college-project\wp-includes\class-wp-hook.php(332): WP_Hook->apply_filters(NULL, Array)
#19 C:\xamppp\htdocs\college-project\wp-includes\plugin.php(517): WP_Hook->do_action(Array)
#20 C:\xamppp\htdocs\college-project\wp-includes\general-template.php(3049): do_action('wp_head')
#21 C:\xamppp\htdocs\college-project\wp-content\themes\woodmart\header.php(12): wp_head()
#22 C:\xamppp\htdocs\college-project\wp-includes\template.php(783): require_once('C:\\xamppp\\htdoc...')
#23 C:\xamppp\htdocs\college-project\wp-includes\template.php(718): load_template('C:\\xamppp\\htdoc...', true, Array)
#24 C:\xamppp\htdocs\college-project\wp-includes\general-template.php(48): locate_template(Array, true, true, Array)
#25 C:\xamppp\htdocs\college-project\wp-content\themes\woodmart\page.php(13): get_header()
#26 C:\xamppp\htdocs\college-project\wp-includes\template-loader.php(106): include('C:\\xamppp\\htdoc...')
#27 C:\xamppp\htdocs\college-project\wp-blog-header.php(19): require_once('C:\\xamppp\\htdoc...')
#28 C:\xamppp\htdocs\college-project\index.php(17): require('C:\\xamppp\\htdoc...')
#29 {main}
  thrown in C:\xamppp\htdocs\college-project\wp-content\plugins\electro-extensions\modules\elementor\widgets\products-carousel.php on line 189

2023-06-19T06:05:58+00:00 CRITICAL Uncaught Error: Call to undefined function Elementor\electro_is_wide_enabled() in C:\xamppp\htdocs\college-project\wp-content\plugins\electro-extensions\modules\elementor\widgets\products-carousel.php:189
Stack trace:
#0 C:\xamppp\htdocs\college-project\wp-content\plugins\elementor\includes\base\controls-stack.php(2329): Elementor\Electro_Elementor_products_carousel->register_controls()
#1 C:\xamppp\htdocs\college-project\wp-content\plugins\elementor\includes\base\controls-stack.php(496): Elementor\Controls_Stack->init_controls()
#2 C:\xamppp\htdocs\college-project\wp-content\plugins\elementor\includes\base\widget-base.php(177): Elementor\Controls_Stack->get_stack()
#3 C:\xamppp\htdocs\college-project\wp-content\plugins\elementor\includes\base\controls-stack.php(300): Elementor\Widget_Base->get_stack()
#4 C:\xamppp\htdocs\college-project\wp-content\plugins\elementor\core\files\css\global-css.php(120): Elementor\Controls_Stack->get_controls()
#5 C:\xamppp\htdocs\college-project\wp-content\plugins\elementor\core\files\css\global-css.php(66): Elementor\Core\Files\CSS\Global_CSS->render_schemes_and_globals_css()
#6 C:\xamppp\htdocs\college-project\wp-content\plugins\elementor\core\files\css\base.php(659): Elementor\Core\Files\CSS\Global_CSS->render_css()
#7 C:\xamppp\htdocs\college-project\wp-content\plugins\elementor\core\files\base.php(180): Elementor\Core\Files\CSS\Base->parse_content()
#8 C:\xamppp\htdocs\college-project\wp-content\plugins\elementor\core\files\css\base.php(130): Elementor\Core\Files\Base->update_file()
#9 C:\xamppp\htdocs\college-project\wp-content\plugins\elementor\core\files\css\base.php(217): Elementor\Core\Files\CSS\Base->update()
#10 C:\xamppp\htdocs\college-project\wp-content\plugins\elementor\includes\frontend.php(1048): Elementor\Core\Files\CSS\Base->enqueue()
#11 C:\xamppp\htdocs\college-project\wp-content\plugins\elementor\includes\frontend.php(670): Elementor\Frontend->parse_global_css_code()
#12 C:\xamppp\htdocs\college-project\wp-content\themes\woodmart\inc\enqueue.php(593): Elementor\Frontend->enqueue_styles()
#13 C:\xamppp\htdocs\college-project\wp-includes\class-wp-hook.php(308): woodmart_enqueue_base_styles('')
#14 C:\xamppp\htdocs\college-project\wp-includes\class-wp-hook.php(332): WP_Hook->apply_filters(NULL, Array)
#15 C:\xamppp\htdocs\college-project\wp-includes\plugin.php(517): WP_Hook->do_action(Array)
#16 C:\xamppp\htdocs\college-project\wp-includes\script-loader.php(2194): do_action('wp_enqueue_scri...')
#17 C:\xamppp\htdocs\college-project\wp-includes\class-wp-hook.php(308): wp_enqueue_scripts('')
#18 C:\xamppp\htdocs\college-project\wp-includes\class-wp-hook.php(332): WP_Hook->apply_filters(NULL, Array)
#19 C:\xamppp\htdocs\college-project\wp-includes\plugin.php(517): WP_Hook->do_action(Array)
#20 C:\xamppp\htdocs\college-project\wp-includes\general-template.php(3049): do_action('wp_head')
#21 C:\xamppp\htdocs\college-project\wp-content\themes\woodmart\header.php(12): wp_head()
#22 C:\xamppp\htdocs\college-project\wp-includes\template.php(783): require_once('C:\\xamppp\\htdoc...')
#23 C:\xamppp\htdocs\college-project\wp-includes\template.php(718): load_template('C:\\xamppp\\htdoc...', true, Array)
#24 C:\xamppp\htdocs\college-project\wp-includes\general-template.php(48): locate_template(Array, true, true, Array)
#25 C:\xamppp\htdocs\college-project\wp-content\themes\woodmart\page.php(13): get_header()
#26 C:\xamppp\htdocs\college-project\wp-includes\template-loader.php(106): include('C:\\xamppp\\htdoc...')
#27 C:\xamppp\htdocs\college-project\wp-blog-header.php(19): require_once('C:\\xamppp\\htdoc...')
#28 C:\xamppp\htdocs\college-project\index.php(17): require('C:\\xamppp\\htdoc...')
#29 {main}
  thrown in C:\xamppp\htdocs\college-project\wp-content\plugins\electro-extensions\modules\elementor\widgets\products-carousel.php on line 189

2023-06-19T06:06:02+00:00 CRITICAL Uncaught Error: Call to undefined function Elementor\electro_is_wide_enabled() in C:\xamppp\htdocs\college-project\wp-content\plugins\electro-extensions\modules\elementor\widgets\products-carousel.php:189
Stack trace:
#0 C:\xamppp\htdocs\college-project\wp-content\plugins\elementor\includes\base\controls-stack.php(2329): Elementor\Electro_Elementor_products_carousel->register_controls()
#1 C:\xamppp\htdocs\college-project\wp-content\plugins\elementor\includes\base\controls-stack.php(496): Elementor\Controls_Stack->init_controls()
#2 C:\xamppp\htdocs\college-project\wp-content\plugins\elementor\includes\base\widget-base.php(177): Elementor\Controls_Stack->get_stack()
#3 C:\xamppp\htdocs\college-project\wp-content\plugins\elementor\includes\base\controls-stack.php(300): Elementor\Widget_Base->get_stack()
#4 C:\xamppp\htdocs\college-project\wp-content\plugins\elementor\core\files\css\global-css.php(120): Elementor\Controls_Stack->get_controls()
#5 C:\xamppp\htdocs\college-project\wp-content\plugins\elementor\core\files\css\global-css.php(66): Elementor\Core\Files\CSS\Global_CSS->render_schemes_and_globals_css()
#6 C:\xamppp\htdocs\college-project\wp-content\plugins\elementor\core\files\css\base.php(659): Elementor\Core\Files\CSS\Global_CSS->render_css()
#7 C:\xamppp\htdocs\college-project\wp-content\plugins\elementor\core\files\base.php(180): Elementor\Core\Files\CSS\Base->parse_content()
#8 C:\xamppp\htdocs\college-project\wp-content\plugins\elementor\core\files\css\base.php(130): Elementor\Core\Files\Base->update_file()
#9 C:\xamppp\htdocs\college-project\wp-content\plugins\elementor\core\files\css\base.php(217): Elementor\Core\Files\CSS\Base->update()
#10 C:\xamppp\htdocs\college-project\wp-content\plugins\elementor\includes\frontend.php(1048): Elementor\Core\Files\CSS\Base->enqueue()
#11 C:\xamppp\htdocs\college-project\wp-content\plugins\elementor\includes\frontend.php(670): Elementor\Frontend->parse_global_css_code()
#12 C:\xamppp\htdocs\college-project\wp-content\themes\woodmart\inc\enqueue.php(593): Elementor\Frontend->enqueue_styles()
#13 C:\xamppp\htdocs\college-project\wp-includes\class-wp-hook.php(308): woodmart_enqueue_base_styles('')
#14 C:\xamppp\htdocs\college-project\wp-includes\class-wp-hook.php(332): WP_Hook->apply_filters(NULL, Array)
#15 C:\xamppp\htdocs\college-project\wp-includes\plugin.php(517): WP_Hook->do_action(Array)
#16 C:\xamppp\htdocs\college-project\wp-includes\script-loader.php(2194): do_action('wp_enqueue_scri...')
#17 C:\xamppp\htdocs\college-project\wp-includes\class-wp-hook.php(308): wp_enqueue_scripts('')
#18 C:\xamppp\htdocs\college-project\wp-includes\class-wp-hook.php(332): WP_Hook->apply_filters(NULL, Array)
#19 C:\xamppp\htdocs\college-project\wp-includes\plugin.php(517): WP_Hook->do_action(Array)
#20 C:\xamppp\htdocs\college-project\wp-includes\general-template.php(3049): do_action('wp_head')
#21 C:\xamppp\htdocs\college-project\wp-content\themes\woodmart\header.php(12): wp_head()
#22 C:\xamppp\htdocs\college-project\wp-includes\template.php(783): require_once('C:\\xamppp\\htdoc...')
#23 C:\xamppp\htdocs\college-project\wp-includes\template.php(718): load_template('C:\\xamppp\\htdoc...', true, Array)
#24 C:\xamppp\htdocs\college-project\wp-includes\general-template.php(48): locate_template(Array, true, true, Array)
#25 C:\xamppp\htdocs\college-project\wp-content\themes\woodmart\page.php(13): get_header()
#26 C:\xamppp\htdocs\college-project\wp-includes\template-loader.php(106): include('C:\\xamppp\\htdoc...')
#27 C:\xamppp\htdocs\college-project\wp-blog-header.php(19): require_once('C:\\xamppp\\htdoc...')
#28 C:\xamppp\htdocs\college-project\index.php(17): require('C:\\xamppp\\htdoc...')
#29 {main}
  thrown in C:\xamppp\htdocs\college-project\wp-content\plugins\electro-extensions\modules\elementor\widgets\products-carousel.php on line 189

2023-06-19T06:06:04+00:00 CRITICAL Maximum execution time of 120 seconds exceeded in C:\xamppp\htdocs\college-project\wp-includes\Requests\src\Transport\Curl.php on line 205

